
ROM used: 1826 (89%)
          1826 (89%) including unused fragments

          2 Average locations per line
          7 Average locations per statement

RAM used: 28 (12%) at main() level
          54 (24%) worst case

Stack used: 6 worst case (out of 8 total available)

Lines Stmts  %   Files
----- ----- ---  -----
  280    85  34  main.c
  217     0   0  ..\..\..\Program Files (x86)\PICC\devices\16F628.h
  409   121  49  ..\..\..\Program Files (x86)\PICC\drivers\string.h
   28     0   0  ..\..\..\Program Files (x86)\PICC\drivers\stddef.h
   28     0   0  ..\..\..\Program Files (x86)\PICC\drivers\ctype.h
   82     0   0  ..\INCLUDES\16f628_registradores.h
  173    41  17  ..\includes\lcd.h
----- -----
 1217   247 Total

Page ROM  %  RAM   Vol Diff  Functions:
---- --- --- ---   --- ----  ----------
0     21   1   1             @delay_ms1
0      8   0   0             @const217
0     23   1   1   260  1.9  lcd_envia_nibble
0     25   1   3   176  2.7  lcd_envia_byte
0     41   2   2   433  4.3  lcd_ini
0     18   1   4   186  5.5  lcd_pos_xy
0     40   2   1   290  4.1  lcd_escreve
0     15   1   0   117  2.3  interrupcao
0    507  28   1  2912  5.9  MAIN
0     14   1   0  2912  5.9  @const235
0     10   1   0             @const236
0     14   1   0             @const237
0     14   1   0             @const238
0     16   1   0             @const239
0     21   1   3             @DIV88
0     53   3   2             @PRINTF_U_230
0     14   1   0             @const246
0     15   1   0             @const247
0    101   6   6             @PRINTF_D_230
0     14   1   0             @const251
0     21   1   0             @const252
0     14   1   0             @const253
0     18   1   0             @const254
 Inline       13             @MULFF
 Inline        5             @FTOSD
0     66   4  13             @DIV3232
0    346  19  13             @PRINTF_L32D_230FPFPF
0     14   1   0             @const266
0     18   1   0             @const267
0    313  17  18             @PRINTF_E_230
0     14   1   0             @const271
0     14   1   0             @const272

Program metrics:
    Functions               8
    Statements              247
    Comments                422
    Volume (V)              9743
    Difficilty (D)          31.2
    Effort to implement (E) 303551
    Time to implement (T)   4 hours, 41 minutes
    Est Delivered Bugs (B)  2
    Cyclomatic Complexity   8
    Maintainability (MI)    30

 Segment     Used  Free
-----------  ----  ----
00000-00003     4  0  
00004-00012    15  0  
00013-007FF  1807  222  



