
ROM used: 1097 (13%)
          1097 (13%) including unused fragments

          1 Average locations per line
          5 Average locations per statement

RAM used: 19 (5%) at main() level
          43 (12%) worst case

Stack used: 6 worst case (out of 8 total available)

Lines Stmts  %   Files
----- ----- ---  -----
  212    45  22  main.c
  298     0   0  ..\..\..\Program Files (x86)\PICC\devices\16F877.h
  409   121  58  ..\..\..\Program Files (x86)\PICC\drivers\string.h
   28     0   0  ..\..\..\Program Files (x86)\PICC\drivers\stddef.h
   28     0   0  ..\..\..\Program Files (x86)\PICC\drivers\ctype.h
   80     0   0  ..\INCLUDES\16f8x_registradores.h
  173    41  20  ..\includes\lcd.h
----- -----
 1228   207 Total

Page ROM  %  RAM   Vol Diff  Functions:
---- --- --- ---   --- ----  ----------
0     20   2   1             @delay_ms1
0      8   1   0   119  2.1  @const218
0     23   2   1   260  1.9  lcd_envia_nibble
0     26   2   3   176  2.7  lcd_envia_byte
0     43   4   2   433  4.3  lcd_ini
0     18   2   4   186  5.5  lcd_pos_xy
0     40   4   1   290  4.1  lcd_escreve
0     15   1   0   117  2.3  interrupcao
0     27   2   1    59  1.6  le_adc
0     50   5   2    35  2.1  converte
 Inline        2             @ITOF
0    117  11  13             @MULFF
0    229  21   2  1037  2.9  MAIN
0      9   1   0             @const245
0     70   6   3             @PSTRINGC7_231
0      7   1   0             @const247
0     78   7   4             @PSTRINGCN7_231
 Inline        5             @FTOSD
0     66   6  13             @DIV3232
0    231  21  13             @PRINTF_L32D_231FPFPF
0      9   1   0             @const258
0      7   1   0             @const259

Program metrics:
    Functions               10
    Statements              207
    Comments                408
    Volume (V)              4229
    Difficilty (D)          28.2
    Effort to implement (E) 119268
    Time to implement (T)   1 hours, 50 minutes
    Est Delivered Bugs (B)  1
    Cyclomatic Complexity   8
    Maintainability (MI)    68

 Segment     Used  Free
-----------  ----  ----
00000-00003     4  0  
00004-00012    15  0  
00013-007FF  1078  951  
00800-00FFF     0  2048  
01000-017FF     0  2048  
01800-01FFF     0  2048  



