
ROM used: 204 (2%)
          204 (2%) including unused fragments

          0 Average locations per line
          1 Average locations per statement

RAM used: 41 (11%) at main() level
          44 (12%) worst case

Stack used: 1 worst case (out of 8 total available)

Lines Stmts  %   Files
----- ----- ---  -----
  254    86  42  main.c
  298     0   0  ..\..\..\Program Files (x86)\PICC\devices\16F877.h
  409   121  58  ..\..\..\Program Files (x86)\PICC\drivers\string.h
   28     0   0  ..\..\..\Program Files (x86)\PICC\drivers\stddef.h
   28     0   0  ..\..\..\Program Files (x86)\PICC\drivers\ctype.h
   80     0   0  ..\INCLUDES\16f8x_registradores.h
----- -----
 1097   207 Total

Page ROM  %  RAM   Vol Diff  Functions:
---- --- --- ---   --- ----  ----------
 Inline        0   235  4.5  estouro_timer0
 Inline        0   185  4.0  estouro_timer1
0     96  47   1   231  3.3  interrupcao
 Inline        3   433  4.5  mostra_display
0    104  51   0  1584  3.4  MAIN

Program metrics:
    Functions               5
    Statements              207
    Comments                321
    Volume (V)              3526
    Difficilty (D)          20.1
    Effort to implement (E) 70922
    Time to implement (T)   1 hours, 6 minutes
    Est Delivered Bugs (B)  1
    Cyclomatic Complexity   8
    Maintainability (MI)    69

 Segment     Used  Free
-----------  ----  ----
00000-00003     4  0  
00004-00063    96  0  
00064-007FF   104  1844  
00800-00FFF     0  2048  
01000-017FF     0  2048  
01800-01FFF     0  2048  



