
ROM used: 3256 (10%)
          3256 (10%) including unused fragments

          2 Average locations per line
          12 Average locations per statement

RAM used: 27 (2%) at main() level
          55 (4%) worst case

Stack used: 7 worst case (out of 31 total available)

Lines Stmts  %   Files
----- ----- ---  -----
  250    64  24  main.c
  457     0   0  ..\..\..\Program Files (x86)\PICC\devices\18F4520.h
  409   121  45  ..\..\..\Program Files (x86)\PICC\drivers\string.h
   28     0   0  ..\..\..\Program Files (x86)\PICC\drivers\stddef.h
   28     0   0  ..\..\..\Program Files (x86)\PICC\drivers\ctype.h
   81     0   0  ..\INCLUDES\18F4520_registradores.h
  348    83  31  ..\..\..\Program Files (x86)\PICC\drivers\lcd.c
----- -----
 1601   268 Total

Page ROM  %  RAM   Vol Diff  Functions:
---- --- --- ---   --- ----  ----------
0     40   1   1             @delay_ms1
0     20   0   0   117  2.3  @const233
0     64   1   3   751  4.5  lcd_read_byte
0     74   1   2   254  3.7  lcd_read_nibble
0     50   1   1   391  2.4  lcd_send_nibble
0     56   1   3   313  3.4  lcd_send_byte
0     98   2   2   660  4.9  lcd_init
0     34   1   4   186  5.5  lcd_gotoxy
0     68   1   1   272  4.1  lcd_putc
0     30   0   0   117  2.3  int8errupcao
0    750  12   1  2083  5.8  MAIN
0     10   0   0   176  2.7  @const260
0     32   0   2   433  4.3  @PSTRINGC_251
0      6   0   0   186  5.5  @const262
0     10   0   0   293  3.9  @const263
0     10   0   0   132  2.2  @const264
0     12   0   0    63  1.9  @const265
0     30   0   3     3  0.0  @PSTRINGCN_251
0     40   1   3     3  0.0  @DIV88
0    104   2   2   172  3.4  @PRINTF_U_251
0     10   0   0  1700  3.9  @const274
0     12   0   0             @const275
0    200   3   6             @PRINTF_D_251
0     10   0   0             @const279
0     18   0   0             @const280
0     10   0   0             @const281
0     14   0   0             @const282
0    244   4  11             @MULFF
0     64   1   5             @FTOSD
0    122   2  13             @DIV3232
0    384   6  13             @PRINTF_L32D_251FPFPF
0     10   0   0             @const294
0     14   0   0             @const295
0    602   9  18             @PRINTF_E_251

Program metrics:
    Functions               20
    Statements              268
    Comments                443
    Volume (V)              13542
    Difficilty (D)          67.4
    Effort to implement (E) 912976
    Time to implement (T)   14 hours, 5 minutes
    Est Delivered Bugs (B)  3
    Cyclomatic Complexity   16
    Maintainability (MI)    137

 Segment     Used  Free
-----------  ----  ----
00000-00002     4  0  
00004-00006     0  4  
00008-00024    30  0  
00026-07FFE  3222  29508  



