
ROM used: 443 (22%)
          443 (22%) including unused fragments

          0 Average locations per line
          2 Average locations per statement

RAM used: 10 (4%) at main() level
          21 (9%) worst case

Stack used: 5 worst case (out of 8 total available)

Lines Stmts  %   Files
----- ----- ---  -----
  187    27  12  main.c
  217     0   0  ..\..\..\Program Files (x86)\PICC\devices\16F628.h
  409   121  52  ..\..\..\Program Files (x86)\PICC\drivers\string.h
   28     0   0  ..\..\..\Program Files (x86)\PICC\drivers\stddef.h
   28     0   0  ..\..\..\Program Files (x86)\PICC\drivers\ctype.h
   82     0   0  ..\INCLUDES\16f628_registradores.h
  348    83  36  ..\..\..\Program Files (x86)\PICC\drivers\lcd.c
----- -----
 1299   231 Total

Page ROM  %  RAM   Vol Diff  Functions:
---- --- --- ---   --- ----  ----------
0     21   5   1             @delay_ms1
0      8   2   0             @const218
 Inline        3   751  4.5  lcd_read_byte
0     37   8   2   254  3.7  lcd_read_nibble
0     25   6   1   391  2.4  lcd_send_nibble
0     62  14   3   313  3.4  lcd_send_byte
0     47  11   2   660  4.9  lcd_init
0     18   4   4   186  5.5  lcd_gotoxy
0     37   8   1   272  4.1  lcd_putc
0     15   3   0   117  2.3  interrupcao
0    121  27   1   626  3.3  MAIN
0     12   3   0             @const246
0     12   3   0             @const247
0     12   3   0             @const248
0     12   3   0             @const249

Program metrics:
    Functions               9
    Statements              231
    Comments                390
    Volume (V)              5531
    Difficilty (D)          33.4
    Effort to implement (E) 184555
    Time to implement (T)   2 hours, 51 minutes
    Est Delivered Bugs (B)  1
    Cyclomatic Complexity   7
    Maintainability (MI)    50

 Segment     Used  Free
-----------  ----  ----
00000-00003     4  0  
00004-00012    15  0  
00013-007FF   424  1605  



