
ROM used: 869 (11%)
          869 (11%) including unused fragments

          1 Average locations per line
          3 Average locations per statement

RAM used: 18 (5%) at main() level
          37 (10%) worst case

Stack used: 8 worst case (out of 8 total available)

Lines Stmts  %   Files
----- ----- ---  -----
  308   104  33  main.c
  298     0   0  ..\..\..\..\Program Files (x86)\PICC\devices\16F877.h
  409   121  39  ..\..\..\..\Program Files (x86)\PICC\drivers\string.h
   28     0   0  ..\..\..\..\Program Files (x86)\PICC\drivers\stddef.h
   28     0   0  ..\..\..\..\Program Files (x86)\PICC\drivers\ctype.h
   80     0   0  ..\..\INCLUDES\16f8x_registradores.h
  168    46  15  ..\..\INCLUDES\usart.h
  173    41  13  ..\..\includes\lcd.h
----- -----
 1492   312 Total

Page ROM  %  RAM   Vol Diff  Functions:
---- --- --- ---   --- ----  ----------
0     20   2   1             @delay_ms1
0     15   2   2    70  1.4  usart_baud_rate
0     22   3   3   120  1.6  usart_int
0     36   4   5   263  3.0  usart_config
 Inline        1   260  2.7  usart_rx
 Inline        0    18  0.5  interrupt_rx_usart
0      8   1   0             @const244
0     23   3   1   260  1.9  lcd_envia_nibble
0     26   3   3   176  2.7  lcd_envia_byte
0     43   5   2   433  4.3  lcd_ini
0     18   2   4   186  5.5  lcd_pos_xy
0     40   5   1   293  3.9  lcd_escreve
 Inline        0   104  1.8  tela_time_out
0      6   1   0             @const260
0     70   8   3             @PSTRINGC7_257
 Inline        0    80  1.5  tela1
0      7   1   0             @const263
 Inline        4   227  4.8  gera_paridade
 Inline        1   532  4.1  trata_dado_serial
0      4   0   0             @const269
0     78   9   4             @PSTRINGCN7_257
0     21   2   3             @DIV88
0     53   6   2             @PRINTF_U_257
0      7   1   0             @const278
0      8   1   0             @const279
0     16   2   0   132  2.2  reseta_usart
 Inline        0   174  3.7  estouro_timer1
 Inline        3   385  5.6  recebe_dado_usart
0     90  10   1   228  3.3  interrupcao
0    254  29   1   814  4.4  MAIN

Program metrics:
    Functions               19
    Statements              312
    Comments                504
    Volume (V)              8468
    Difficilty (D)          59.0
    Effort to implement (E) 499579
    Time to implement (T)   7 hours, 43 minutes
    Est Delivered Bugs (B)  2
    Cyclomatic Complexity   22
    Maintainability (MI)    143

 Segment     Used  Free
-----------  ----  ----
00000-00003     4  0  
00004-0005D    90  0  
0005E-007FF   775  1179  
00800-00FFF     0  2048  
01000-017FF     0  2048  
01800-01FFF     0  2048  



