
ROM used: 423 (5%)
          423 (5%) including unused fragments

          0 Average locations per line
          3 Average locations per statement

RAM used: 10 (3%) at main() level
          13 (4%) worst case

Stack used: 2 worst case (out of 8 total available)

Lines Stmts  %   Files
----- ----- ---  -----
  195    31  20  main.c
  298     0   0  ..\..\..\Program Files (x86)\PICC\devices\16F877.h
  409   121  80  ..\..\..\Program Files (x86)\PICC\drivers\string.h
   28     0   0  ..\..\..\Program Files (x86)\PICC\drivers\stddef.h
   28     0   0  ..\..\..\Program Files (x86)\PICC\drivers\ctype.h
   80     0   0  ..\INCLUDES\16f8x_registradores.h
----- -----
 1038   152 Total

Page ROM  %  RAM   Vol Diff  Functions:
---- --- --- ---   --- ----  ----------
0     71  17   3             @I2C_READ_1
0     74  17   1             @I2C_WRITE_1
0     22   5   1             @delay_ms1
0     15   4   0   117  2.3  interrupcao
0    237  56   0   556  2.4  MAIN

Program metrics:
    Functions               2
    Statements              152
    Comments                367
    Volume (V)              777
    Difficilty (D)          4.3
    Effort to implement (E) 3332
    Time to implement (T)   3 minutes
    Est Delivered Bugs (B)  0
    Cyclomatic Complexity   1
    Maintainability (MI)    112

 Segment     Used  Free
-----------  ----  ----
00000-00003     4  0  
00004-00012    15  0  
00013-007FF   404  1625  
00800-00FFF     0  2048  
01000-017FF     0  2048  
01800-01FFF     0  2048  



