CCS PCM C Compiler, Version 4.104, 5967               20-jul-17 17:39

               Filename: C:\DADOS\projeto\MicrochipAsyncUsartMode\VerGitHub\main.lst

               ROM used: 218 words (11%)
                         Largest free fragment is 1830
               RAM used: 11 (5%) at main() level
                         21 (9%) worst case
               Stack:    3 worst case (1 in main + 2 for interrupts)

*
0000:  MOVLW  00
0001:  MOVWF  0A
0002:  GOTO   097
0003:  NOP
.................... //**************************************************************************** 
.................... //                          ESTUDO DA PORTA SERIAL 
.................... //**************************************************************************** 
.................... //Compilador CCS PCWH Ver 4.104 
....................  
.................... #include <16F628.h>              //include do 16F628 
.................... //////// Standard Header file for the PIC16F628 device //////////////// 
.................... #device PIC16F628 
.................... #list 
....................  
.................... #include <string.h> 
.................... //////////////////////////////////////////////////////////////////////////// 
.................... ////        (C) Copyright 1996,2008 Custom Computer Services            //// 
.................... //// This source code may only be used by licensed users of the CCS C   //// 
.................... //// compiler.  This source code may only be distributed to other       //// 
.................... //// licensed users of the CCS C compiler.  No other use, reproduction  //// 
.................... //// or distribution is permitted without written permission.           //// 
.................... //// Derivative programs created using this software in object code     //// 
.................... //// form are not restricted in any way.                                //// 
.................... //////////////////////////////////////////////////////////////////////////// 
....................  
.................... #ifndef _STRING 
.................... #define _STRING 
.................... #include <stddef.h> 
.................... /////////////////////////////////////////////////////////////////////////// 
.................... ////        (C) Copyright 1996,2003 Custom Computer Services           //// 
.................... //// This source code may only be used by licensed users of the CCS C  //// 
.................... //// compiler.  This source code may only be distributed to other      //// 
.................... //// licensed users of the CCS C compiler.  No other use, reproduction //// 
.................... //// or distribution is permitted without written permission.          //// 
.................... //// Derivative programs created using this software in object code    //// 
.................... //// form are not restricted in any way.                               //// 
.................... /////////////////////////////////////////////////////////////////////////// 
....................  
.................... #ifndef _STDDEF 
....................  
.................... #define _STDDEF 
....................  
.................... #if sizeof(unsigned int8 *)==1 
.................... #define ptrdiff_t unsigned int8 
.................... #else 
.................... #define ptrdiff_t unsigned int16 
.................... #endif 
....................  
.................... #define size_t unsigned int8 
.................... #define wchar_t char 
.................... #define NULL 0 
....................  
.................... #define offsetof(s,f) (offsetofbit(s,f)/8) 
....................  
.................... #endif 
....................  
.................... #include <ctype.h> 
.................... //////////////////////////////////////////////////////////////////////////// 
.................... ////        (C) Copyright 1996,2003 Custom Computer Services            //// 
.................... //// This source code may only be used by licensed users of the CCS C   //// 
.................... //// compiler.  This source code may only be distributed to other       //// 
.................... //// licensed users of the CCS C compiler.  No other use, reproduction  //// 
.................... //// or distribution is permitted without written permission.           //// 
.................... //// Derivative programs created using this software in object code     //// 
.................... //// form are not restricted in any way.                                //// 
.................... //////////////////////////////////////////////////////////////////////////// 
....................  
.................... #ifndef _CTYPE 
.................... #define _CTYPE 
....................  
.................... #define islower(x)  isamong(x,"abcdefghijklmnopqrstuvwxyz") 
.................... #define isupper(x)  isamong(x,"ABCDEFGHIJKLMNOPQRSTUVWXYZ") 
.................... #define isalnum(x)  isamong(x,"0123456789ABCDEFGHIJKLMNOPQRSTUVWXYZabcdefghijklmnopqrstuvwxyz") 
.................... #define isalpha(x)  isamong(x,"ABCDEFGHIJKLMNOPQRSTUVWXYZabcdefghijklmnopqrstuvwxyz") 
.................... #define isdigit(x)  isamong(x,"0123456789") 
.................... #define isspace(x)  ((x)==' ') 
.................... #define isxdigit(x) isamong(x,"0123456789ABCDEFabcdef") 
.................... #define iscntrl(x)  ((x)<' ') 
.................... #define isprint(x)  ((x)>=' ') 
.................... #define isgraph(x)  ((x)>' ') 
.................... #define ispunct(x)  (((x)>' ')&&!isalnum(x)) 
....................  
.................... #endif 
....................  
....................  
....................  
....................  
....................  
.................... ////////////////////////////////////////////// 
.................... //// Uncomment the following define to    //// 
.................... //// allow some functions to use a        //// 
.................... //// quicker algorithm, but use more ROM  //// 
.................... ////                                      //// 
.................... //// #define FASTER_BUT_MORE_ROM          //// 
.................... ////////////////////////////////////////////// 
....................  
....................  
....................  
.................... /*Copying functions*/ 
.................... /* standard template: 
....................    void *memmove(void *s1, void *s2, size_t n). 
....................    Copies max of n characters safely (not following ending '\0') 
....................    from s2 in s1; if s2 has less than n characters, appends 0 */ 
....................  
.................... char *memmove(void *s1,char *s2,size_t n) 
.................... { 
....................    char *sc1; 
....................    char *sc2; 
....................    sc1=s1; 
....................    sc2=s2; 
....................    if(sc2<sc1 && sc1 <sc2 +n) 
....................       for(sc1+=n,sc2+=n;0<n;--n) 
....................          *--sc1=*--sc2; 
....................    else 
....................       for(;0<n;--n) 
....................          *sc1++=*sc2++; 
....................   return s1; 
....................   } 
....................  
.................... /* Standard template: char *strcpy(char *s1, const char *s2) 
....................    copies the string s2 including the null character to s1. 
....................    This is a compiler built in to handle the different address 
....................    spaces */ 
....................  
.................... #define strcopy strcpy 
....................  
.................... /* standard template: 
....................    char *strncpy(char *s1, const char *s2, size_t n). 
....................    Copies max of n characters (not following ending '\0') 
....................    from s2 in s1; if s2 has less than n characters, appends 0 */ 
....................  
.................... char *strncpy(char *s1, char *s2, size_t n) 
.................... { 
....................   char *s; 
....................  
....................   for (s = s1; n > 0 && *s2 != '\0'; n--) 
....................      *s++ = *s2++; 
....................   for (; n > 0; n--) 
....................      *s++ = '\0'; 
....................  
....................   return(s1); 
.................... } 
.................... /***********************************************************/ 
....................  
.................... /*concatenation functions*/ 
.................... /* standard template: char *strcat(char *s1, const char *s2) 
.................... appends s2 to s1*/ 
....................  
.................... char *strcat(char *s1, char *s2) 
.................... { 
....................    char *s; 
....................  
....................    for (s = s1; *s != '\0'; ++s); 
....................    while(*s2 != '\0') 
....................    { 
....................       *s = *s2; 
....................       ++s; 
....................       ++s2; 
....................    } 
....................  
....................    *s = '\0'; 
....................    return(s1); 
.................... } 
.................... /* standard template: char *strncat(char *s1, char *s2,size_t n) 
.................... appends not more than n characters from s2 to s1*/ 
....................  
.................... char *strncat(char *s1, char *s2, size_t n) 
.................... { 
....................    char *s; 
....................  
....................    for (s = s1; *s != '\0'; ++s); 
....................    while(*s2 != '\0' && 0<n) 
....................    { 
....................       *s = *s2; 
....................       ++s; 
....................       ++s2; 
....................       --n; 
....................    } 
....................  
....................    *s = '\0'; 
....................    return(s1); 
.................... } 
....................  
.................... /***********************************************************/ 
....................  
....................  
.................... /*comparison functions*/ 
.................... /* standard template: signed int memcmp(void *s1, void *s2). 
....................    Compares s1 & s2; returns -1 if s1<s2, 0 if s1=s2, 1 if s1>s2 */ 
....................  
.................... signed int8 memcmp(void * s1,char *s2,size_t n) 
.................... { 
.................... char *su1, *su2; 
.................... for(su1=s1, su2=s2; 0<n; ++su1, ++su2, --n) 
.................... { 
....................    if(*su1!=*su2) 
....................       return ((*su1<*su2)?-1:+1); 
.................... } 
.................... return 0; 
.................... } 
....................  
.................... /* standard template: int strcmp(const char *s1, const char *s2). 
....................    Compares s1 & s2; returns -1 if s1<s2, 0 if s1=s2, 1 if s1>s2 */ 
....................  
.................... signed int8 strcmp(char *s1, char *s2) 
.................... { 
....................    for (; *s1 == *s2; s1++, s2++) 
....................       if (*s1 == '\0') 
....................          return(0); 
....................    return((*s1 < *s2) ? -1: 1); 
.................... } 
.................... /* standard template: int strcoll(const char *s1, const char *s2). 
....................    Compares s1 & s2; returns -1 if s1<s2, 0 if s1=s2, 1 if s1>s2 */ 
....................  
.................... signed int8 strcoll(char *s1, char *s2) 
.................... { 
....................    for (; *s1 == *s2; s1++, s2++) 
....................       if (*s1 == '\0') 
....................          return(0); 
....................    return((*s1 < *s2) ? -1: 1); 
.................... } 
....................  
.................... /* standard template: 
....................    int strncmp(const char *s1, const char *s2, size_t n). 
....................    Compares max of n characters (not following 0) from s1 to s2; 
....................    returns same as strcmp */ 
....................  
.................... signed int8 strncmp(char *s1, char *s2, size_t n) 
.................... { 
....................    for (; n > 0; s1++, s2++, n--) 
....................       if (*s1 != *s2) 
....................          return((*s1 <*s2) ? -1: 1); 
....................       else if (*s1 == '\0') 
....................          return(0); 
....................    return(0); 
.................... } 
.................... /* standard template: 
....................    int strxfrm(const char *s1, const char *s2, size_t n). 
....................    transforms maximum of n characters from s2 and places them into s1*/ 
.................... size_t strxfrm(char *s1, char *s2, size_t n) 
.................... { 
....................   char *s; 
....................   unsigned int8 n1; 
....................   n1=n; 
....................   for (s = s1; n > 0 && *s2 != '\0'; n--) 
....................      *s++ = *s2++; 
....................   for (; n > 0; n--) 
....................      *s++ = '\0'; 
....................  
....................   return(n1); 
.................... } 
....................  
....................  
....................  
....................  
....................  
.................... /***********************************************************/ 
.................... /*Search functions*/ 
.................... /* standard template: void *memchr(const char *s, int c). 
....................    Finds first occurrence of c in n characters of s */ 
....................  
.................... char *memchr(void *s,unsigned int8 c,size_t n) 
.................... { 
....................    char uc; 
....................    char *su; 
....................    uc=c; 
....................    for(su=s;0<n;++su,--n) 
....................       if(*su==uc) 
....................       return su; 
....................    return NULL; 
.................... } 
....................  
.................... /* standard template: char *strchr(const char *s, int c). 
....................    Finds first occurrence of c in s */ 
....................  
.................... char *strchr(char *s, unsigned int8 c) 
.................... { 
....................    for (; *s != c; s++) 
....................       if (*s == '\0') 
....................          return(0); 
....................    return(s); 
.................... } 
.................... /* standard template: 
....................    size_t strcspn(const char *s1, const char *s2). 
....................    Computes length of max initial segment of s1 that 
....................    consists entirely of characters NOT from s2*/ 
....................  
.................... unsigned int8  strcspn(char *s1, char *s2) 
.................... { 
....................    char *sc1, *sc2; 
....................  
....................    for (sc1 = s1; *sc1 != 0; sc1++) 
....................       for (sc2 = s2; *sc2 != 0; sc2++) 
....................          if (*sc1 == *sc2) 
....................             return(sc1 - s1); 
....................    return(sc1 - s1); 
.................... } 
.................... /* standard template: 
....................    char *strpbrk(const char *s1, const char *s2). 
....................    Locates first occurence of any character from s2 in s1; 
....................    returns s1 if s2 is empty string */ 
....................  
.................... char *strpbrk(char *s1, char *s2) 
.................... { 
....................    char *sc1, *sc2; 
....................  
....................    for (sc1 = s1; *sc1 != 0; sc1++) 
....................       for (sc2 = s2; *sc2 != 0; sc2++) 
....................          if (*sc1 == *sc2) 
....................             return(sc1); 
....................    return(0); 
.................... } 
....................  
....................  
.................... /* standard template: char *strrchr(const char *s, int c). 
....................    Finds last occurrence of c in s */ 
....................  
.................... char *strrchr(char *s, unsigned int8 c) 
.................... { 
....................    char *p; 
....................  
....................    for (p = 0; ; s++) 
....................    { 
....................       if (*s == c) 
....................          p = s; 
....................       if (*s == '\0') 
....................          return(p); 
....................    } 
.................... } 
.................... /* computes length of max initial segment of s1 consisting 
....................    entirely of characters from s2 */ 
....................  
.................... unsigned int8  strspn(char *s1, char *s2) 
.................... { 
....................    char *sc1, *sc2; 
....................  
....................    for (sc1 = s1; *sc1 != 0; sc1++) 
....................       for (sc2 = s2; ; sc2++) 
....................     if (*sc2 == '\0') 
....................        return(sc1 - s1); 
....................          else if (*sc1 == *sc2) 
....................             break; 
....................    return(sc1 - s1); 
.................... } 
.................... /* standard template: 
....................    char *strstr(const char *s1, const char *s2); 
....................    Locates first occurence of character sequence s2 in s1; 
....................    returns 0 if s2 is empty string 
....................  
....................    Uncomment #define FASTER_BUT_MORE_ROM at the top of the 
....................    file to use the faster algorithm */ 
.................... char *strstr(char *s1, char *s2) 
.................... { 
....................    char *s, *t; 
....................  
....................    #ifdef FASTER_BUT_MORE_ROM 
....................    if (*s2 == '\0') 
....................          return(s1); 
....................    #endif 
....................  
....................    while (*s1) 
....................    { 
....................       for(s = s1, t = s2; *t && (*s == *t); ++s, ++t); 
....................  
....................       if (*t == '\0') 
....................          return s1; 
....................       ++s1; 
....................       #ifdef FASTER_BUT_MORE_ROM 
....................          while(*s1 != '\0' && *s1 != *s2) 
....................             ++s1; 
....................       #endif 
....................    } 
....................    return 0; 
.................... } 
....................  
.................... /* standard template: char *strtok(char *s1, const char *s2). 
....................  
....................    Finds next token in s1 delimited by a character from separator 
....................    string s2 (which can be different from call to call).  First call 
....................    starts at beginning of s1 searching for first character NOT 
....................    contained in s2; returns 0 if none is found. 
....................    If one is found, it is the start of first token (return value). 
....................    Function then searches from there for a character contained in s2. 
....................    If none is found, current token extends to end of s1, and subsequent 
....................    searches for a token will return 0.  If one is found, it is 
....................    overwritten by '\0', which terminates current token.  Function saves 
....................    pointer to following character from which next search will start. 
....................    Each subsequent call, with 0 as first argument, starts searching 
....................    from saved pointer */ 
....................  
.................... char *strtok(char *s1, char *s2) 
.................... { 
....................    char *beg, *end; 
....................    static char *save; 
*
009D:  CLRF   20
009E:  CLRF   21
....................  
....................    beg = (s1)? s1: save; 
....................    beg += strspn(beg, s2); 
....................    if (*beg == '\0') 
....................    { 
....................       *save = ' '; 
....................       return(0); 
....................    } 
....................    end = strpbrk(beg, s2); 
....................    if (*end != '\0') 
....................    { 
....................       *end = '\0'; 
....................       end++; 
....................    } 
....................    save = end; 
....................    return(beg); 
.................... } 
....................  
.................... /*****************************************************************/ 
.................... /*Miscellaneous functions*/ 
.................... /* standard template 
.................... maps error number in errnum to an error message string 
.................... Returns: Pointer to string 
.................... */ 
.................... #ifdef _ERRNO 
.................... char * strerror(unsigned int8 errnum) 
.................... { 
.................... char s[15]; 
.................... switch( errnum) 
.................... { 
.................... case 0: 
....................    strcpy(s,"no errors"); 
....................    return s; 
.................... case EDOM : 
....................    strcpy(s,"domain error"); 
....................    return s; 
.................... case ERANGE: 
....................    strcpy(s,"range error"); 
....................    return s; 
.................... } 
.................... } 
.................... #ENDIF 
.................... /* standard template: size_t strlen(const char *s). 
....................    Computes length of s1 (preceding terminating 0) */ 
....................  
.................... unsigned int8 strlen(char *s) 
.................... { 
....................    char *sc; 
....................  
....................    for (sc = s; *sc != 0; sc++); 
....................    return(sc - s); 
.................... } 
....................  
.................... /* standard template: size_t stricmp(const char *s1, const char *s2). 
....................    Compares s1 to s2 ignoring case (upper vs. lower) */ 
....................  
.................... signed int8 stricmp(char *s1, char *s2) 
.................... { 
....................  for(; *s1==*s2||(isalpha(*s1)&&isalpha(*s2)&&(*s1==*s2+32||*s2==*s1+32)); 
....................     s1++, s2++) 
....................     if (*s1 == '\0') 
....................        return(0); 
....................  return((*s1 < *s2) ? -1: 1); 
.................... } 
....................  
....................  
.................... /* standard template: char *strlwr(char *s). 
....................    Replaces uppercase letters by lowercase; 
....................    returns pointer to new string s */ 
....................  
.................... char *strlwr(char *s) 
.................... { 
....................    char *p; 
....................  
....................    for (p = s; *p != '\0'; p++) 
....................       if (*p >= 'A' && *p <='Z') 
....................          *p += 'a' - 'A'; 
....................    return(s); 
.................... } 
....................  
....................  
.................... /************************************************************/ 
....................  
....................  
.................... #endif 
....................  
.................... #include <16f628_registradores.h>//MAPEAMENTO DE MEÓRIA DOS REGISTRADORES 
.................... //********************************************************** 
.................... //INCLUDE DE MAPEAMENTO DE MEÓRIA DOS REGISTRADORES 
.................... //ESPECIAIS E BITS DOS MESMOS PARA O mC 16f628 
.................... //ATZ: 23.09.11 
.................... //********************************************************** 
....................  
.................... #byte option_reg = 0x81 
.................... #byte status = 0x03 
.................... #byte tris_a = 0x85        //#byte - define o endereco do 
.................... #byte tris_b = 0x86        //registrador no banco de memoria 
.................... #byte port_a = 0x05 
.................... #byte port_b = 0x06 
.................... #byte intcon = 0x0b 
....................  
.................... //MÓDULO DE CAPTURA E COMPARAÇÃO 
.................... #byte ccp1con = 0x17 
.................... #byte ccpr1l = 0x15 
.................... #byte ccpr1h = 0x16 
....................  
.................... //USART 
.................... #byte txsta = 0x98 
.................... #byte rcsta = 0x18 
.................... #byte spbrg = 0x99 
.................... #byte txreg = 0x19 
.................... #byte rcreg = 0x1a 
....................  
.................... #byte pir1 = 0x0c 
.................... #byte pie1 = 0x8c 
....................  
.................... //registrador pie1 
.................... #bit  eeie = 0x8c.7 
.................... #bit  cmie = 0x8c.6 
.................... #bit  rcie = 0x8c.5 
.................... #bit  txie = 0x8c.4 
....................  
.................... #bit  ccp1ie = 0x8c.2 
.................... #bit  tmr2ie = 0x8c.1 
.................... #bit  tmr1ie = 0x8c.0 
....................  
.................... //registrador pir1 
.................... #bit  eeif = 0x0c.7 
.................... #bit  cmif = 0x0c.6 
.................... #bit  rcif = 0x0c.5 
.................... #bit  txif = 0x0c.4 
....................  
.................... #bit  ccp1if = 0x0c.2 
.................... #bit  tmr2if = 0x0c.1 
.................... #bit  tmr1if = 0x0c.0 
....................  
.................... //registrador txsta 
.................... #bit  csrc  = 0x98.7 
.................... #bit  tx9 = 0x98.6 
.................... #bit  txen = 0x98.5 
.................... #bit  sync = 0x98.4 
....................  
.................... #bit  brgh = 0x98.2 
.................... #bit  trmt = 0x98.1 
.................... #bit  tx9d = 0x98.0 
....................  
.................... //registrador rcsta 
.................... #bit  spen = 0x18.7 
.................... #bit  rx9 = 0x18.6 
.................... #bit  sren = 0x18.5 
.................... #bit  cren = 0x18.4 
.................... #bit  adden = 0x18.3 
.................... #bit  ferr = 0x18.2 
.................... #bit  oerr = 0x18.1 
.................... #bit  rx9d = 0x18.0 
....................  
.................... //registrador intcon 
.................... #bit  gie = 0x0b.7 
.................... #bit  peie = 0x0b.6 
.................... #bit  t0ie = 0x0b.5 
.................... #bit  inte = 0x0b.4 
.................... #bit  rbie = 0x0b.3 
.................... #bit  t0if = 0x0b.2 
.................... #bit  intf = 0x0b.1 
.................... #bit  rbif = 0x0b.0 
....................  
.................... #bit  trigger = port_b.3 
.................... #bit  trigger_inv =  port_b.4 
....................  
....................                                                      
....................  
.................... //**************************************************************************** 
.................... //                    CONFIGURAÇÕES DO COMPILADOR 
.................... //**************************************************************************** 
....................  
.................... #use fast_io(a)                  //modo de entrada e saida de dados que 
.................... #use fast_io(b)                  //o compilador nao configura o tris 
....................  
.................... #use delay(clock=4000000)        //clock usual 
.................... #fuses HS,NOWDT,NOLVP,PUT,NOPROTECT // 
....................  
.................... //#rom 0x2100={0b00010010,0x00}    //programa os primeiros dois endereços da eeprom 
....................                                   
....................  
.................... //**************************************************************************** 
.................... //                                BIOS 
.................... //**************************************************************************** 
.................... //****************************  ENTRADAS  ************************************ 
....................  
.................... //*****************************  SAÍDAS  ************************************* 
.................... #define  led       port_a,0 
....................  
.................... //**************************************************************************** 
.................... //                        CONSTANTES E VARIÁVEIS 
.................... //**************************************************************************** 
.................... int   w_temp; 
.................... int   status_temp; 
.................... short int   dado_recebido;    //flag de novo dado recebido 
....................  
.................... //*************************************************************************** 
.................... //                               DRIVES 
.................... //*************************************************************************** 
.................... #include <usart.h> 
.................... //************************************************************************ 
.................... //             DRIVE PARA O HARDWARE DA USART INTERNA 
.................... //                            ATZ:23.09.11 
.................... //                           AUTOR: LEANDRO 
.................... //************************************************************************ 
....................  
.................... //************************************************************************ 
.................... //                      CONFIGURA O BAUD RATE 
.................... //************************************************************************ 
.................... //Vide: PIC Técnicas Avançacas pág.321 
.................... //EXEMPLO DE CHAMADA: usart_baud_rate(high_speed, 25); 
....................  
.................... #define high_speed  1 
.................... #define low_speed   0 
....................  
.................... usart_baud_rate(short int vel, int baud_rate){ 
.................... brgh=vel; 
*
0067:  BSF    03.5
0068:  BCF    18.2
0069:  BCF    03.5
006A:  BTFSS  26.0
006B:  GOTO   06F
006C:  BSF    03.5
006D:  BSF    18.2
006E:  BCF    03.5
.................... spbrg=baud_rate; 
006F:  MOVF   27,W
0070:  BSF    03.5
0071:  MOVWF  19
.................... } 
0072:  BCF    03.5
0073:  GOTO   0BA (RETURN)
....................  
.................... //************************************************************************ 
.................... //                   CONFIGURA INTERRUPÇÃO DA USART 
.................... //************************************************************************ 
.................... //PARA ATIVAÇÃO DA INTERRUPÇÃO NECESSITA DA ATIVAÇÃO DO BIT INTCON -> GIE=1 
.................... //EXEMPLO DE CHAMADA: usart_int(tx_int_off, rx_int_off, int_9bit_off); 
.................... //O BIT ADDEN HABILITA A INTERRUPÇÃO PELO RECEBIMENTO DO 9ºBIT 
....................  
....................  
.................... #define tx_int_on 1 
.................... #define tx_int_off 0 
.................... #define rx_int_on 1 
.................... #define rx_int_off 0 
.................... #define int_9bit_on 1 
.................... #define int_9bit_off 0 
....................  
.................... usart_int(short int tx_int, short int rx_int, short int int_9bit){ 
.................... rcie=rx_int; 
0074:  BSF    03.5
0075:  BCF    0C.5
0076:  BCF    03.5
0077:  BTFSS  27.0
0078:  GOTO   07C
0079:  BSF    03.5
007A:  BSF    0C.5
007B:  BCF    03.5
.................... txie=tx_int; 
007C:  BSF    03.5
007D:  BCF    0C.4
007E:  BCF    03.5
007F:  BTFSS  26.0
0080:  GOTO   084
0081:  BSF    03.5
0082:  BSF    0C.4
0083:  BCF    03.5
.................... adden=int_9bit; 
0084:  BCF    18.3
0085:  BTFSC  28.0
0086:  BSF    18.3
.................... } 
0087:  GOTO   0D4 (RETURN)
....................  
....................  
.................... //************************************************************************* 
.................... //                        CONFIGURA A USART 
.................... //************************************************************************* 
.................... //OBS.: Detecção de endereços (9bit) somente disponível no modo assincrono 
.................... //EXEMPLO DE CHAMADA DE FUNÇÃO 
.................... //usart_config(modo8bits, assincrono, tx_on, usart_on, rx_continuo); 
....................  
....................  
.................... #define modo8bits  0 
.................... #define modo9bits  1  //habilita recepção de endereço 
.................... #define tx_on  1  //tx habilitado 
.................... #define tx_off 0 
.................... #define sincrono 1 
.................... #define assincrono 0 
.................... #define usart_on  1 
.................... #define usart_off 0 
.................... #define rx_continuo  1 
.................... #define rx_unica     0 
....................  
....................  
.................... usart_config(short int bits, short int syc, short int tx_liga, 
.................... short int usart_liga, short int rx_config){ 
.................... tx9=bits; 
*
0043:  BSF    03.5
0044:  BCF    18.6
0045:  BCF    03.5
0046:  BTFSS  2B.0
0047:  GOTO   04B
0048:  BSF    03.5
0049:  BSF    18.6
004A:  BCF    03.5
.................... rx9=bits; 
004B:  BCF    18.6
004C:  BTFSC  2B.0
004D:  BSF    18.6
.................... txen=tx_liga; 
004E:  BSF    03.5
004F:  BCF    18.5
0050:  BCF    03.5
0051:  BTFSS  2D.0
0052:  GOTO   056
0053:  BSF    03.5
0054:  BSF    18.5
0055:  BCF    03.5
.................... sync=syc; 
0056:  BSF    03.5
0057:  BCF    18.4
0058:  BCF    03.5
0059:  BTFSS  2C.0
005A:  GOTO   05E
005B:  BSF    03.5
005C:  BSF    18.4
005D:  BCF    03.5
.................... spen=usart_liga; 
005E:  BCF    18.7
005F:  BTFSC  2E.0
0060:  BSF    18.7
.................... cren=rx_config; 
0061:  BCF    18.4
0062:  BTFSC  2F.0
0063:  BSF    18.4
.................... ferr=0; 
0064:  BCF    18.2
.................... oerr=0; 
0065:  BCF    18.1
.................... } 
0066:  RETURN
....................  
.................... //*************************************************************************** 
.................... //             TRANSMITE UM BYTE PELA USART (MODO 8 BITS) 
.................... //*************************************************************************** 
.................... usart_tx(int dado){ 
.................... txreg=dado; 
*
008C:  MOVF   26,W
008D:  MOVWF  19
.................... } 
....................  
.................... //*************************************************************************** 
.................... //             RECEBE UM BYTE PELA USART (MODO 8 BITS) 
.................... //*************************************************************************** 
.................... //A FUNÇÃO RETORNA: 
.................... //    0 SE A USART NÃO RECEBEU UM NOVO DADO 
.................... //    1 SE A USART RECEBEU UM NOVO DADO E CARREGA EM usart_rx_dado 
.................... //    2 PARA ERRO DE FRAME 
.................... //    3 PARA ERRO DE OVERRUN (BUFFER OVERLOAD) 
....................  
.................... #define  novo_dado   0x01 
.................... int usart_rx_dado; 
....................  
.................... int usart_rx(){ 
....................    if (ferr==1){ 
*
0012:  BTFSS  18.2
0013:  GOTO   018
....................    return (0x02); //erro de frame (stop bit não recebido ou fora de hora) 
0014:  MOVLW  02
0015:  MOVWF  78
0016:  GOTO   02A
....................    ferr=0; 
0017:  BCF    18.2
....................    } 
....................    if (oerr==1){ 
0018:  BTFSS  18.1
0019:  GOTO   01E
....................    return (0x03); //erro de overrun (três caracteres foram recebidos pela usart sem ser lidos pela CPU) 
001A:  MOVLW  03
001B:  MOVWF  78
001C:  GOTO   02A
....................    oerr=0; 
001D:  BCF    18.1
....................    } 
....................    if (rcif==0) return (0x00); 
001E:  BTFSC  0C.5
001F:  GOTO   023
0020:  MOVLW  00
0021:  MOVWF  78
0022:  GOTO   02A
....................    if (rcif==1){ 
0023:  BTFSS  0C.5
0024:  GOTO   02A
....................    usart_rx_dado=rcreg; 
0025:  MOVF   1A,W
0026:  MOVWF  25
....................    return (0x01); 
0027:  MOVLW  01
0028:  MOVWF  78
0029:  GOTO   02A
....................    } 
.................... } 
....................  
.................... //*************************************************************************** 
.................... //          TRANSMITE UM BYTE PELA USART (MODO 9 BITS) 
.................... //*************************************************************************** 
.................... //EXEMPLO DE CHAMADA: 
.................... //usart_tx_9bit(adress, 0x0F); 
.................... //usart_tx_9bit(data, 0x0c); 
....................  
.................... #define adress 1 
.................... #define data 0 
....................  
.................... usart_tx_9bit(short int bit_adress, int dado){ 
.................... tx9d=bit_adress; 
.................... txreg=dado; 
.................... } 
....................  
.................... //*************************************************************************** 
.................... //             RECEBE UM BYTE PELA USART (MODO 9 BITS) 
.................... //*************************************************************************** 
.................... //A FUNÇÃO RETORNA: 
.................... //    0 SE A USART NÃO RECEBEU UM NOVO DADO 
.................... //    1 SE A USART RECEBEU UM NOVO ENDEREÇO E CARREGA EM usart_rx_dado 
.................... //    2 SE A USART RECEBEU UM NOVO DADO E CARREGA EM usart_rx_dado 
.................... //    3 PARA ERRO DE FRAME 
.................... //    4 PARA ERRO DE OVERRUN (BUFFER OVERLOAD) 
....................  
.................... int usart_rx_9bit(){ 
....................    if (rcif==1){ 
....................    usart_rx_dado=rcreg; 
....................    } 
....................    if (ferr==1){ 
....................    return (0x03); //erro de frame (stop bit não recebido ou fora de hora) 
....................    ferr=0; 
....................    } 
....................    if (oerr==1){ 
....................    return (0x04); //erro de overrun (três caracteres foram recebidos pela usart sem ser lidos pela CPU) 
....................    oerr=0; 
....................    } 
....................    if ((rcif==1)&(rx9d==1)) return (0x01); //recebido um endereço 
....................    if (rcif==1) return (0x02); 
....................  
.................... } 
....................  
.................... //************************************************************************** 
.................... //                      DETECÇÃO DE INTERRUPÇÃO 
.................... //************************************************************************** 
.................... short int interrupt_rx_usart(){ 
....................    return(rcif); 
*
000C:  MOVLW  00
000D:  BTFSC  0C.5
000E:  MOVLW  01
000F:  MOVWF  78
.................... } 
....................  
.................... //*************************************************************************** 
.................... //                            FIM DO INCLUDE 
.................... //*************************************************************************** 
....................  
....................  
....................  
....................  
....................  
....................  
....................  
....................  
....................  
.................... //**************************************************************************** 
.................... //                       Rotinas da interrupcao 
.................... //**************************************************************************** 
.................... //#inline                     //descomentar se for usar o in_line 
.................... recebe_dado_usart(){ 
....................    if (usart_rx()==novo_dado){  //Novo dado recebido 
*
002A:  DECFSZ 78,W
002B:  GOTO   02E
....................    dado_recebido=true; 
002C:  BSF    24.0
....................    } 
....................    else{ 
002D:  GOTO   03C
....................    //Se for erro reseta a USART 
....................    usart_config(modo8bits, assincrono, tx_on, usart_off, rx_continuo); 
002E:  CLRF   2B
002F:  CLRF   2C
0030:  MOVLW  01
0031:  MOVWF  2D
0032:  CLRF   2E
0033:  MOVWF  2F
0034:  CALL   043
....................    usart_config(modo8bits, assincrono, tx_on, usart_on, rx_continuo); 
0035:  CLRF   2B
0036:  CLRF   2C
0037:  MOVLW  01
0038:  MOVWF  2D
0039:  MOVWF  2E
003A:  MOVWF  2F
003B:  CALL   043
....................    } 
.................... } 
....................  
....................  
.................... //**************************************************************************** 
.................... //                           INTERRUPÇÕES 
.................... //**************************************************************************** 
.................... #int_global 
.................... void interrupcao(){ 
.................... restart_wdt(); 
*
0004:  CLRWDT
.................... disable_interrupts(global); 
0005:  BCF    0B.6
0006:  BCF    0B.7
0007:  BTFSC  0B.7
0008:  GOTO   006
.................... #asm 
.................... movwf w_temp 
0009:  MOVWF  22
.................... swapf status,w 
000A:  SWAPF  03,W
.................... movwf status_temp 
000B:  MOVWF  23
.................... #endasm 
....................        
....................    if (interrupt_rx_usart()==true){  //Foi interrupão da USART? 
*
0010:  DECFSZ 78,W
0011:  GOTO   03C
....................    recebe_dado_usart(); 
....................    } 
....................  
.................... //*************************************************************************** 
.................... //                          FIM DA INTERRUPCAO 
.................... //*************************************************************************** 
.................... enable_interrupts(global); 
*
003C:  MOVLW  C0
003D:  IORWF  0B,F
.................... #asm 
.................... swapf status_temp,w 
003E:  SWAPF  23,W
.................... movwf status 
003F:  MOVWF  03
.................... swapf w_temp,f 
0040:  SWAPF  22,F
.................... swapf w_temp,w 
0041:  SWAPF  22,W
0042:  RETFIE
.................... #endasm 
.................... } 
....................  
....................  
.................... //**************************************************************************** 
.................... //                             Sub-rotinas 
.................... //**************************************************************************** 
.................... trata_dado_serial(){     
....................    if (dado_recebido==true){    //Recebeu um novo dado? 
*
0088:  BTFSS  24.0
0089:  GOTO   096
....................    usart_tx(usart_rx_dado);     //Devolve o dado recebido 
008A:  MOVF   25,W
008B:  MOVWF  26
....................    usart_rx_dado=65; 
*
008E:  MOVLW  41
008F:  MOVWF  25
....................       if (usart_rx_dado==65){   // 
0090:  MOVF   25,W
0091:  SUBLW  41
0092:  BTFSS  03.2
0093:  GOTO   095
....................       bit_set(led);  //Acende o led se recebeu o decimal 65 
0094:  BSF    05.0
....................       } 
....................    dado_recebido=false; 
0095:  BCF    24.0
....................    } 
.................... } 
0096:  GOTO   0D8 (RETURN)
....................  
....................  
.................... //**************************************************************************** 
.................... //                          Rotina Principal 
.................... //**************************************************************************** 
....................  
.................... void main(){ 
0097:  CLRF   04
0098:  BCF    03.7
0099:  MOVLW  1F
009A:  ANDWF  03,F
009B:  MOVLW  07
009C:  MOVWF  1F
.................... //********************** CONFIGURAÇÕES INICIAIS ***************************** 
....................       setup_timer_0(rtcc_internal); //clock interno, prescaler 1:2 
*
009F:  BSF    03.5
00A0:  MOVF   01,W
00A1:  ANDLW  C0
00A2:  MOVWF  01
....................       setup_wdt(wdt_288ms); 
00A3:  MOVLW  0C
00A4:  MOVWF  77
00A5:  BCF    03.5
00A6:  CLRF   01
00A7:  MOVLW  81
00A8:  MOVWF  04
00A9:  BCF    03.7
00AA:  MOVF   00,W
00AB:  ANDLW  F0
00AC:  IORLW  07
00AD:  MOVWF  00
00AE:  CLRWDT
00AF:  MOVF   00,W
00B0:  ANDLW  F7
00B1:  BTFSC  77.3
00B2:  ANDLW  F0
00B3:  IORWF  77,W
00B4:  MOVWF  00
....................              
....................       //Configurações da USART 
....................       usart_baud_rate(high_speed, 25); 
00B5:  MOVLW  01
00B6:  MOVWF  26
00B7:  MOVLW  19
00B8:  MOVWF  27
00B9:  GOTO   067
00BA:  CLRF   00
00BB:  BTFSC  0B.7
00BC:  BSF    00.7
00BD:  BCF    0B.7
....................       usart_config(modo8bits, assincrono, tx_on, usart_on, rx_continuo); 
00BE:  CLRF   2B
00BF:  CLRF   2C
00C0:  MOVLW  01
00C1:  MOVWF  2D
00C2:  MOVWF  2E
00C3:  MOVWF  2F
00C4:  CALL   043
00C5:  BTFSC  00.7
00C6:  BSF    0B.7
....................  
....................       bit_set(option_reg,7);    //sem pull-up 
00C7:  BSF    03.5
00C8:  BSF    01.7
....................  
.................... //    Configuração do tris 
.................... //    Bit porta: 76543210 
....................       tris_a = 0b00000000; 
00C9:  CLRF   05
....................       tris_b = 0b00000010; 
00CA:  MOVLW  02
00CB:  MOVWF  06
....................        
....................       enable_interrupts(GLOBAL); //Habilita interrupção de recepção da USART 
00CC:  MOVLW  C0
00CD:  BCF    03.5
00CE:  IORWF  0B,F
....................       usart_int(tx_int_off, rx_int_on, int_9bit_off); 
00CF:  CLRF   26
00D0:  MOVLW  01
00D1:  MOVWF  27
00D2:  CLRF   28
00D3:  GOTO   074
.................... //******************** INICIALIZAÇÃO DE VARIÁVEIS *************************** 
....................       bit_clear(led); 
00D4:  BCF    05.0
....................       usart_rx_dado=0; 
00D5:  CLRF   25
....................        
.................... //**************************************************************************** 
.................... //                             INICIO DO LOOP 
.................... //**************************************************************************** 
....................       while(1){   
....................       restart_wdt(); 
00D6:  CLRWDT
....................       trata_dado_serial(); 
00D7:  GOTO   088
....................       } 
00D8:  GOTO   0D6
.................... //********************************* FIM ************************************** 
.................... } 
....................  
....................  
....................  
....................  
....................  
....................  
....................  
....................  
....................  
....................  
....................  
....................  
....................  
....................  
....................  
....................  
....................  
....................  
....................  
....................  
....................  
....................  
....................  
....................  
....................  
....................  
....................  
....................  
....................  
....................  
....................  
....................  
....................  
....................  
....................  
....................  
....................  
....................  
....................  
....................  
....................  
....................  
....................  
....................  
....................  
....................  
....................  
....................  
....................  
....................  
00D9:  SLEEP

Configuration Fuses:
   Word  1: 3F62   HS NOWDT PUT NOPROTECT BROWNOUT MCLR NOLVP NOCPD
